<?xml version="1.0" encoding="UTF-8"?>
<testng-results ignored="0" total="1" passed="1" failed="0" skipped="0">
  <reporter-output>
  </reporter-output>
  <suite started-at="2023-06-18T23:59:17 CDT" name="Default suite" finished-at="2023-06-18T23:59:23 CDT" duration-ms="5227">
    <groups>
    </groups>
    <test started-at="2023-06-18T23:59:17 CDT" name="Default test" finished-at="2023-06-18T23:59:23 CDT" duration-ms="5227">
      <class name="variousConcepts.Task2">
        <test-method is-config="true" signature="init()[pri:0, instance:variousConcepts.Task2@65f095f8]" started-at="2023-06-18T23:59:17 CDT" name="init" finished-at="2023-06-18T23:59:20 CDT" duration-ms="2569" status="PASS">
          <reporter-output>
          </reporter-output>
        </test-method> <!-- init -->
        <test-method signature="addCategoryTest()[pri:0, instance:variousConcepts.Task2@65f095f8]" started-at="2023-06-18T23:59:20 CDT" name="addCategoryTest" finished-at="2023-06-18T23:59:23 CDT" duration-ms="2613" status="PASS">
          <reporter-output>
          </reporter-output>
        </test-method> <!-- addCategoryTest -->
      </class> <!-- variousConcepts.Task2 -->
    </test> <!-- Default test -->
  </suite> <!-- Default suite -->
</testng-results>
